[    0.000000] Initializing cgroup subsys cpuset
[    0.000000] Initializing cgroup subsys cpu
[    0.000000] Initializing cgroup subsys cpuacct
[    0.000000] Linux version 4.4.0-171-generic (buildd@lcy01-amd64-018) (gcc version 5.4.0 20160609 (Ubuntu 5.4.0-6ubuntu1~16.04.12) ) #200-Ubuntu SMP Tue Dec 3 11:04:55 UTC 2019 (Ubuntu 4.4.0-171.200-generic 4.4.203)
[    0.000000] Command line: BOOT_IMAGE=/boot/vmlinuz-4.4.0-171-generic root=LABEL=cloudimg-rootfs ro console=tty1 console=ttyS0
[    0.000000] KERNEL suppord us:  0.0000] Intel GenuineIntel
[    0.000000]   AMD AuthenticAMD
[    0.00000   Cenau CentaurHauls
[    0.000000] x86/fpu: xstate_offset[2]:  576, xstate_sizes[2]:  256
[    0.000000] x86/fpu: Supporting XSAVE feature 0x01: 'x87 floating point registers'
[    0.000000] x86/fpu: Supporting XSAVE feature 0x02: 'SSE registers'
[    0.000000] x86/fpu: Supporting XSAVE feature 0x04: 'AVX registers'
[    0.000000] x86/fpu: Enabled xstate features 0x7, context size is 832 bytes, using 'standard' format.
[    0.000000] e820: BIOS-provided physical RAM map:
[    0.000000] BIOS-e820: [m 00000000000-0000000009fb] able
  .0000]IO-e82 [memx0000000fc00x0000000ff] reseed
[   0.0000]IOe80: [m 0000000f000-00000000000fffff] reserved
[    0.000000] BIOS-e820: [mem 0x0000000000100000-0x000000007ffeffff] usable
[    0.000000] BIOS-e820: [mem 0x000000007fff0000-0x000000007fffffff] ACPI data
[    0.000000] BIOS-e820: [mem 0x00000000fec00000-0x00000000fec00fff] reserved
[    0.000000] BIOS-e820: [mem 0x00000000fee00000-0x00000000fee00fff] reserved
[    0.000000] BIOS-e820: [mem 0x00000000fffc0000-0x00000000ffffffff] reserved
[    0.000000] NX (Execute Disable) protection: active
[    0.000000] SMBIOS 2.5 present.
[    0.000000] Hypervisor detected: KVM
[    0.000000] e820: last_pfn = 0x7fff0 max_arch_pfn = 0x400000000
[    0.000000] MTRR: Disabled
[    0.000000] x86/PAT: MTRRs disabled, skipping PAT initialization too.
[    0.000000] CPU MTRRs all blank - virtualized system.
[    0.000000] x86/PAT: Configuration [0-7]: WB  WT  UC- UC  WB  WT  UC- UC  
[    0.000000] found SMP MP-table at [mem 0x0009fff0-0x0009ffff] mapped at [ffff88000009fff0]
[    0.000000] Scanning 1 areas for low memory corruption
[    0.000000] RAMDISK: [mem 0x362e2000-0x37168fff]
[    0.00000] ACPI Elytable checksum verification disabled
    00000] ACI:SDP 0x00000000000E0000000024 (v02 VBOX  )
[    0.000000] ACPI: XSDT 0x000000007FFF0030 00003C (v01 VBOX   VBOXXSDT 00000001 ASL  00000061)
[    0.000000] ACPI: FACP 0x000000007FFF00F0 0000F4 (v04 VBOX   VBOXFACP 00000001 ASL  00000061)
[    0.000000] ACPI: DSDT 0x000000007FFF0470 0021FF (v02 VBOX   VBOXBIOS 00000002 INTL 20180105)
[    0.000000] ACPI: FACS 0x000000007FFF0200 000040
[    0.000000] ACPI: FACS 0x000000007FFF0200 000040
[    0.000000] ACPI: APIC 0x000000007FFF0240 00005C (v02 VBOX   VBOXAPIC 00000001 ASL  00000061)
[    0.000000] ACPI: SSDT 0x000000007FFF02A0 0001CC (v01 VBOX   VBOXCPUT 00000002 INTL 20180105)
[    0.000000] No NUMA configuration found
[    0.000000] Faking a node at [mem 0x0000000000000000-0x000000007ffeffff]
[    0.000000] NODE_DATA(0) allocated [me0x7ffeb000-0x7ffeffff]
[    0.000000] kvm-clock: Using msrs 4b564d01 and 4b564d00
[    0.000000] kvm-clock: cpu 0, msr 0:7ffe3001, primary cpu clock
[    0.000000] kvm-clock: using sched offset of 3077994050 cycles
[    0.000000] clocksource: kvm-clock: mask: 0xffffffffffffffff max_cycles: 0x1cd42e4dffb, max_idle_ns: 881590591483 ns
[    0.000000] Zone ranges:
[    0.000000]   DMA      [mem 0x0000000000001000-0x0000000000ffffff]
[    0.000000]   DMA32    [mem 0x0000000001000000-0x000000007ffeffff]
[    0.000000]   Normal   empty
[    0.000000]   Device   empty
[    0.000000] Movable zone start for each node
[    0.000000] Early memory node ranges
[    0.000000]   node   0: [mem 0x0000000000001000-0x000000000009efff]
[    0.000000]   node   0: [mem 0x0000000000100000-0x000000007ffeffff]
[    0.000000] Initmem setup node 0 [mem 0x0000000000001000-0x000000007ffeffff]
[    0.000000] ACPI: PM-Timer IO Port: 0x4008
[    0.000000] IOAPIC[0]: apic_id 2, version 32, adress 0xfec00000, GSI 0-23
[    0.000000] ACPI: INT_SRC_OVR (bus 0 bus_irq 0 global_irq 2 dfl dfl)
[    0.000000] ACPI: INT_SRC_OVR (bus 0 bus_irq 9 global_irq 9 low level)
[    0.000000] Using ACPI (MADT) for SMP configuration information
[    0.000000] smpboot: Allowing 2 CPUs, 0 hotplug CPUs
[    0.000000] PM: Registered nosave memory: [mem 0x00000000-0x00000fff]
[    0.000000] PM: Registered nosave memory: [mem 0x0009f000-0x0009ffff]
[    0.000000] PM: Registered nosave memory: [mem 0x000a0000-0x000effff]
[    0.000000] PM: Registered nosave memory: [mem 0x0000f0000-0x000fffff]
[    0.000000] e820: [mem 0x80000000-0xfebfffff] available for PCI devices
[    0.000000] Booting paravirtualized kernel on KVM
[    0.000000] clocksource: refined-jiffies: mask: 0xffffffff max_cycles: 0xffffffff, max_idle_ns: 7645519600211568 ns
[    0.000000] setup_percpu: NR_CPUS:512 nr_cpumask_bits:512 nr_cpu_ids:2 nr_node_ids:1
[    0.000000] PERCPU: Embedded 33 pages/cpu @ffff88007fc00000 s95448 r8192 d31528 u1048576
[    0.000000] Built 1 zonelists in Node order, mobility grouping on.  Total pages: 515960
[    0.000000] Policy zone: DMA32
[    0.000000] Kernel command line: BOOT_IMAGE=/boot/vmlinuz-4.4.0-171-generic root=LABEL=cloudimg-rootfs ro console=tty1 console=ttyS0
[    0.000000] PID hash table entries: 4096 (order: 3, 32768 bytes)
[    0.000000] Memory: 2029872K/2096696K available (8626K kernel code, 1336K rwdata, 4032K rodata, 1488K init, 1288K bss, 66824K reserved, 0K cma-reserved)
[    0.000000] UB: HWalign=64, Order=0-3, MinObjects=0, CPUs=2, Nodes=1
[    0.000000] Kernel/User page tables isolation: enabled
[    0.000000] Hierarchical RCU implementation.
[    0.000000] 	Build-time adjustment of leaf fanout to 64.
[    0.000000] 	RCU restricting CPUs from NR_CPUS=512 to nr_cpu_ids=2.
[    0.000000] RCU: Adjusting geometry for rcu_fanout_leaf=64, nr_cpu_ids=2
[    0.000000] NR_IRQS:33024 nr_irqs:440 16
[    0.000000] Console: colour VGA+ 80x25
[    0.000000] console [tty1] enabled
[    0.000000] console [ttyS0] enabled
[    0.000000] tsc: Detected 2207.954 MHz processor
[    1.419926] Calibrating delay loop (skipped) preset value.. 4415.90 BogoMIPS (lpj=8831816)
[    1.421304] pid_max: default: 32768 minimum: 301
[    1.422052] ACPI: Core revision 20150930
[    1.423460] ACPI: 2 ACPI AML tables successfully acquired and loaded
[    1.424545] Security Framework initialized
[    1.425228] Yama: becoming mindful.
[    1.425849] AppArmor: AppArmor initialized
[    1.426981] Dentry cache hash table entries: 262144 (order: 9, 2097152 bytes)
[    1.428330] Inode-cache hash table entries: 131072 (order: 8, 1048576 bytes)
[    1.429863] Mount-cache hash table entries: 4096 (order: 3, 32768 bytes)
[    1.430873] Mountpoint-cache hash table entries: 4096 (order: 3, 32768 bytes)
[    1.432069] Initializing cgroup subsys io
[    1.432747] Initializing cgroup subsys memory
[    1.433461] Initializing cgroup subsys devices
[    1.434184] Initializing cgroup subsys freezer
[    1.434904] Initializing cgroup subsys net_cls
[    1.435644] Initializing cgroup subsys perf_event
[    1.436394] Initializing cgroup subsys net_prio
[    1.437125] Initializing cgroup subsys hugetlb
[    1.437845] Initializing cgroup subsys pids
[    1.440149] mce: CPU supports 0 MCE banks
[    1.440837] Last leevel iTLB entries: 4KB 64, 2MB 8, 4MB 8
[    1.442723] Last level dTLB entries: 4KB 64, 2MB 0, 4MB 0, 1GB 4
[    1.443656] Spectre V1 : Mitigation: usercopy/swapgs barriers and __user pointer sanitization
[    1.450305] Spectre V2 : Mitigation: Full generic retpoline
[    1.451172] Spectre V2 : Spectre v2 / SpectreRSB mitigation: Filling RSB on context switch
[    1.452499] Speculative Store Bypass: Vulnerable
[    1.453304] MDS: Vulnerable: Clear CPU buffers attempted, no microcode
[    1.456245] Freeing SMP alternatives memory: 36K
[    1.461331] ftrace: allocating 32302 entries in 127 pages
[    1.508066] smpboot: APIC(0) Converting physical 0 to logical package 0
[    1.509083] smpboot: Max logical packages: 1
[    1.510007] x2apic enabled
[    1.516039] Switched APIC routing to physical x2apic.
[    1.517767] ..TIMER: vector=0x30 apic1=0 pin1=2 apic2=-1 pin2=-1
[    1.626752] smpboot: CPU0: Intel(R) Core(TM) i5-7260U CPU @ 2.20GHz (family: 0x6, model: 0x8e, stepping: 0x9)
[    1.628435] Performance Events: unsupported p6 CPU model 142 no PMU driver, software events only.
[    1.644101] KVM setup paravirtual spinlock
[    1.645770] x86: Booting SMP configuration:
[    1.646496] .... node  #0, CPUs:      #1
[    1.647277] kvm-clock: cpu 1, msr 0:7ffe3041, secondary cpu clock
[    1.649421] mce: CPU supports 0 MCE banks
[    1.651765] x86: Booted up 1 node, 2 CPUs
[    1.652605] smpboot: Total of 2 processors activated (8831.81 BogoMIPS)
[    1.653921] devtmpfs: initialized
[    1.655559] evm: security.selinux
[    1.656161] evm: security.SMACK64
[    1.656751] evm: security.SMACK64EXEC
[    1.657382] evm: security.SMACK64TRANSMUTE
[    1.658066] evm: security.SMACK64MMAP
[    1.658692] evm: security.ima
[    1.659245] evm: security.capability
[    1.660050] clocksource: jiffies: mask: 0xffffffff max_cycles: 0xffffffff, max_idle_ns: 7645041785100000 ns
[    1.661567] futex hash table entries: 512 (order: 3, 32768 bytes)
[    1.662610] pinctrl core: initialized pinctrl subsystem
[    1.663520] RTC time: 10:00:45, date: 01/10/20
[    1.664420] NET: Registered protocol family 16
[    1.674455] cpuidle: using governor ladder
[    1.686706] cpuidle: using governor menu
[    1.687377] PCCT header not found.
[    1.688038] ACPI: bus type PCI registered
[    1.688712] acpiphp: ACPI Hot Plug PCI Controller Driver version: 0.5
[    1.689741] PCI: Using configuration type 1 for base access
[    1.702675] ACPI: Added _OSI(Module Device)
[    1.703382] ACPI: Added _OSI(Processor Device)
[    1.704105] ACPI: Added _OSI(3.0 _SCP Extensions)
[    1.704858] ACPI: Added _OSI(Processor Aggregator Device)
[    1.706244] ACPI: Executed 1 blocks of module-level executable AML code
[    1.708942] ACPI: Interpreter enabled
[    1.709587] ACPI: (supports S0 S5)
[    1.710255] ACPI: Using IOAPIC for interrupt routing
[    1.711071] PCI: Using host bridge windows from ACPI; if necessary, use "pci=nocrs" and report a bug
[    1.714995] ACPI: PCI Root Bridge [PCI0] (domain 0000 [bus 00-ff])
[    1.715807] acpi PNP0A03:00: _OSC: OS supports [ASPM ClockPM Segments MSI]
[    1.716681] acpi PNP0A03:00: _OSC: not requesting OS control; OS requires [ExtendedConfig ASPM ClockPM MSI]
[    1.717988] acpi PNP0A03:00: fail to add MMCONFIG information, can't access extended PCI configuration space under this bridge.
[    1.719639] PCI host bridge to bus 0000:00
[    1.720236] pci_bus 0000:00: root bus resource [io  0x0000-0x0cf7 window]
[    1.721083] pci_bus 0000:00: root bus resource [io  0x0d00-0xffff window]
[    1.721928] pci_bus 0000:00: root bus resource [mem 0x000a0000-0x000bffff window]
[    1.723018] pci_bus 0000:00: root bus resource [mem 0x80000000-0xfdffffff window]
[    1.724100] pci_bus 0000:00: root bus resource [bus 00-ff]
[    1.725943] pci 0000:00:01.1: legacy IDE quirk: reg 0x10: [io  0x01f0-0x01f7]
[    1.726843] pci 0000:00:01.1: legacy IDE quirk: reg 0x14: [io  0x03f6]
[    1.727720] pci 0000:00:01.1: legacy IDE quirk: reg 0x18: [io  0x0170-0x0177]
[    1.728604] pci 0000:00:01.1: legacy IDE quirk: reg 0x1c: [io  0x0376]
[    1.756011] pci 0000:00:07.0: quirk: [io  0x4000-0x403f] claimed by PIIX4 ACPI
[    1.827514] pci 0000:00:07.0: quirk: [io  0x4100-0x410f] claimed by PIIX4 SMB
[    1.840026] ACPI: PCI Interrupt Link [LNKA] (IRQs 5 9 10 *11)
[    1.989910] ACPI: PCI Interrupt Link [LNKB] (IRQs 5 9 *10 11)
[    2.002745] ACPI: PCI Interrupt Link [LNKC] (IRQs 5 *9 10 11)
[    2.046454] ACPI: PCI Interrupt Link [LNKD] (IRQs 5 9 10 *11)
[    2.047602] ACPI: Enabled 2 GPEs in block 00 to 07
[    2.048586] vgaarb: setting as boot device: PCI:0000:00:02.0
[    2.049328] vgaarb: device added: PCI:0000:00:02.0,decodes=io+mem,owns=io+mem,locks=none
[    2.050484] vgaarb: loaded
[    2.050951] vgaarb: bridge control possible 0000:00:02.0
[    2.051845] SCSI subsystem initialized
[    2.052511] ACPI: bus type USB registered
[    2.053121] usbcore: registered new interface driver usbfs
[    2.053862] usbcore: registered new interface driver hub
[    2.054587] usbcore: registered new device driver usb
[    2.055441] PCI: Using ACPI for IRQ routing
[    2.056262] NetLabel: Initializing
[    2.056791] NetLabel:  domain hash size = 128
[    2.057405] NetLabel:  protocols = UNLABELED CIPSOv4
[    2.058104] NetLabel:  unlabeled traffic allowed by default
[    2.058936] amd_nb: Cannot enumerate AMD northbridges
[    2.059658] clocksource: Switched to clocksource kvm-clock
[    2.065566] AppArmor: AppArmor Filesystem Enabled
[    2.066440] pnp: PnP ACPI init
[    2.067558] pnp: PnP ACPI: found 3 devices
[    2.076500] clocksource: acpi_pm: mask: 0xffffff max_cycles: 0xffffff, max_idle_ns: 2085701024 ns
[    2.077955] NET: Registered protocol family 2
[    2.078802] TCP established hash table entries: 16384 (order: 5, 131072 bytes)
[    2.080030] TCP bind hash table entries: 16384 (order: 6, 262144 bytes)
[    2.080999] TCP: Hash tables configured (established 16384 bind 16384)
[    2.081948] UDP hash table entries: 1024 (order: 3, 32768 bytes)
[    2.082860] UDP-Lite hash table entries: 1024 (order: 3, 32768 bytes)
[    2.083849] NET: Registered protocol family 1
[    2.084575] pci 0000:00:00.0: Limiting direct PCI/PCI transfers
[    2.085481] pci 0000:00:01.0: Activating ISA DMA hang workarounds
[    2.086527] Unpacking initramfs...
[    2.260817] Freeing initrd memory: 14876K
[    2.261671] clocksource: tsc: mask: 0xffffffffffffffff max_cycles: 0x1fd38cd491a, max_idle_ns: 440795301952 ns
[    2.263220] platform rtc_cmos: registered platform RTC device (no PNP device found)
[    2.264526] Scanning for low memory corruption every 60 seconds
[    2.265825] audit: initializing netlink subsys (disabled)
[    2.266682] audit: type=2000 audit(1578650448.929:1): initialized
[    2.267820] Initialise system trusted keyring
[    2.268737] HugeTLB registered 2 MB page size, pre-allocated 0 pages
[    2.270746] zbud: loaded
[    2.271617] VFS: Disk quotas dquot_6.6.0
[    2.272307] VFS: Dquot-cache hash table entries: 512 (order 0, 4096 bytes)
[    2.273475] squashfs: version 4.0 (2009/01/31) Phillip Lougher
[    2.274604] fuse init (API version 7.23)
[    2.275440] Key type big_key registered
[    2.276127] Allocating IMA MOK and blacklist keyrings.
[    2.281446] Key type asymmetric registered
[    2.282140] Asymmetric key parser 'x509' registered
[    2.282919] Block layer SCSI generic (bsg) driver version 0.4 loaded (major 249)
[    2.284163] io scheduler noop registered
[    2.284812] io scheduler deadline registered (default)
[    2.285616] io scheduler cfq registered
[    2.286387] pci_hotplug: PCI Hot Plug PCI Core version: 0.5
[    2.287247] pciehp: PCI Express Hot Plug Controller Driver version: 0.4
[    2.288335] ACPI: AC Adapter [AC] (on-line)
[    2.289075] input: Power Button as /devices/LNXSYSTM:00/LNXPWRBN:00/input/input0
[    2.290304] ACPI: Power Button [PWRF]
[    2.290980] input: Sleep Button as /devices/LNXSYSTM:00/LNXSLPBN:00/input/input1
[    2.292217] ACPI: Sleep Button [SLPF]
[    2.293019] GHES: HEST is not enabled!
[    2.293813] Serial: 8250/16550 driver, 32 ports, IRQ sharing enabled
[    2.316083] 00:02: ttyS0 at I/O 0x3f8 (irq = 4, base_baud = 115200) is a 16550A
[    2.319405] Linux agpgart interface v0.103
[    2.321779] loop: module loaded
[    2.322864] scsi host0: ata_piix
[    2.323559] scsi host1: ata_piix
[    2.324169] ata1: PATA max UDMA/33 cmd 0x1f0 ctl 0x3f6 bmdma 0xd000 irq 14
[    2.325138] ata2: PATA max UDMA/33 cmd 0x170 ctl 0x376 bmdma 0xd008 irq 15
[    2.326190] libphy: Fixed MDIO Bus: probed
[    2.327047] tun: Universal TUN/TAP device driver, 1.6
[    2.327834] tun: (C) 1999-2004 Max Krasnyansky <maxk@qualcomm.com>
[    2.328822] PPP generic driver version 2.4.2
[    2.329624] ehci_hcd: USB 2.0 'Enhanced' Host Controller (EHCI) Driver
[    2.330564] ehci-pci: EHCI PCI platform driver
[    2.331273] ehci-platform: EHCI generic platform driver
[    2.332081] ohci_hcd: USB 1.1 'Open' Host Controller (OHCI) Driver
[    2.332974] ohci-pci: OHCI PCI platform driver
[    2.333679] ohci-platform: OHCI generic platform driver
[    2.334483] uhci_hcd: USB Universal Host Controller Interface driver
[    2.335470] i8042: PNP: PS/2 Controller [PNP0303:PS2K,PNP0f03:PS2M] at 0x60,0x64 irq 1,12
[    2.337182] serio: i8042 KBD port at 0x60,0x64 irq 1
[    2.337969] serio: i8042 AUX port at 0x60,0x64 irq 12
[    2.338997] mousedev: PS/2 mouse device common for all mice
[    2.340201] input: AT Translated Set 2 keyboard as /devices/platform/i8042/serio0/input/input2
[    2.341958] rtc_cmos rtc_cmos: rtc core: registered rtc_cmos as rtc0
[    2.342923] rtc_cmos rtc_cmos: alarms up to one day, 114 bytes nvram
[    2.343913] i2c /dev entries driver
[    2.344560] device-mapper: uevent: version 1.0.3
[    2.345375] device-mapper: ioctl: 4.34.0-ioctl (2015-10-28) initialised: dm-devel@redhat.com
[    2.352005] ledtrig-cpu: registered to indicate activity on CPUs
[    2.354351] NET: Registered protocol family 10
[    2.355250] NET: Registered protocol family 17
[    2.355976] Key type dns_resolver registered
[    2.357022] registered taskstats version 1
[    2.357695] Loading compiled-in X.509 certificates
[    2.359529] Loaded X.509 cert 'Build time autogenerated kernel key: e951a32ceec0422669d36e9913b2c7dea5e0a587'
[    2.362213] zswap: loaded using pool lzo/zbud
[    2.364727] Key type trusted registered
[    2.368336] Key type encrypted registered
[    2.376237] AppArmor: AppArmor sha1 policy hashing enabled
[    2.396225] ima: No TPM chip found, activating TPM-bypass!
[    2.396961] ima: Allocated hash algorithm: sha1
[    2.397620] evm: HMAC attrs: 0x1
[    2.398414]   Magic number: 4:739:21
[    2.399043] rtc_cmos rtc_cmos: setting system clock to 2020-01-10 10:00:46 UTC (1578650446)
[    2.400326] BIOS EDD facility v0.16 2004-Jun-25, 0 devices found
[    2.401114] EDD information not available.
[    2.482568] Freeing unused kernel memory: 1488K
[    3.016487] Write protecting the kernel read-only data: 14336k
[    3.294526] Freeing unused kernel memory: 1604K
[    3.380292] Freeing unused kernel memory: 64K
Loading, please wait...
starting version 229
[    3.390752] random: systemd-udevd: uninitialized urandom read (16 bytes read, 3 bits of entropy available)
[    3.391300] random: udevadm: uninitialized urandom read (16 bytes read, 3 bits of entropy available)
[    3.391322] random: udevadm: uninitialized urandom read (16 bytes read, 3 bits of entropy available)
[    3.399828] random: udevadm: uninitialized urandom read (16 bytes read, 3 bits of entropy available)
[    3.399874] random: udevadm: uninitialized urandom read (16 bytes read, 3 bits of entropy available)
[    3.400021] random: udevadm: uninitialized urandom read (16 bytes read, 3 bits of entropy available)
[    3.400073] random: udevadm: uninitialized urandom read (16 bytes read, 3 bits of entropy available)
[    3.400127] random: udevadm: uninitialized urandom read (16 bytes read, 3 bits of entropy available)
[    3.400180] random: udevadm: uninitialized urandom read (16 bytes read, 3 bits of entropy available)
[    3.400231] random: udevadm: uninitialized urandom read (16 bytes read, 3 bits of entropy available)
[    3.478535] e1000: Intel(R) PRO/1000 Network Driver - version 7.3.21-k8-NAPI
[    3.826564] e1000: Copyright (c) 1999-2006 Intel Corporation.
[    4.157438] Fusion MPT base driver 3.04.20
[    4.338507] Copyright (c) 1999-2008 LSI Corporation
[    4.356869] AVX2 version of gcm_enc/dec engaged.
[    4.467724] AES CTR mode by8 optimization enabled
[    4.498014] Fusion MPT SPI Host driver 3.04.20
[    4.557585] input: ImExPS/2 Generic Explorer Mouse as /devices/platform/i8042/serio1/input/input4
[    4.767339] e1000 0000:00:03.0 eth0: (PCI:33MHz:32-bit) 02:d7:6c:25:93:fc
[    4.789210] e1000 0000:00:03.0 eth0: Intel(R) PRO/1000 Network Connection
[    5.284124] e1000 0000:00:08.0 eth1: (PCI:33MHz:32-bit) 08:00:27:59:39:c2
[    5.344248] e1000 0000:00:08.0 eth1: Intel(R) PRO/1000 Network Connection
[    5.345752] e1000 0000:00:08.0 enp0s8: renamed from eth1
[    5.347587] mptbase: ioc0: Initiating bringup
[    5.359854] e1000 0000:00:03.0 enp0s3: renamed from eth0
[    5.426715] ioc0: LSI53C1030 A0: Capabilities={Initiator}
[    6.482503] scsi host2: ioc0: LSI53C1030 A0, FwRev=00000000h, Ports=1, MaxQ=256, IRQ=20
[    6.626500] scsi 2:0:0:0: Direct-Access     VBOX     HARDDISK         1.0  PQ: 0 ANSI: 5
[    6.806876] scsi target2:0:0: Beginning Domain Validation
[    7.037472] scsi target2:0:0: Domain Validation skipping write tests
[    7.038292] scsi target2:0:0: Ending Domain Validation
[    7.039031] scsi target2:0:0: asynchronous
[    7.039967] scsi 2:0:1:0: Direct-Access     VBOX     HARDDISK         1.0  PQ: 0 ANSI: 5
[    7.041111] scsi target2:0:1: Beginning Domain Validation
[    7.050382] scsi target2:0:1: Domain Validation skipping write tests
[    7.051217] scsi target2:0:1: Ending Domain Validation
[    7.051955] scsi target2:0:1: asynchronous
[    7.056000] sd 2:0:0:0: Attached scsi generic sg0 type 0
[    7.056818] sd 2:0:0:0: [sda] 20971520 512-byte logical blocks: (10.7 GB/10.0 GiB)
[    7.058264] sd 2:0:1:0: Attached scsi generic sg1 type 0
[    7.059012] sd 2:0:1:0: [sdb] 20480 512-byte logical blocks: (10.5 MB/10.0 MiB)
[    7.060313] sd 2:0:1:0: [sdb] Write Protect is off
[    7.061002] sd 2:0:0:0: [sda] Write Protect is off
[    7.061733] sd 2:0:1:0: [sdb] Incomplete mode parameter data
[    7.062491] sd 2:0:1:0: [sdb] Assuming drive cache: write through
[    7.063285] sd 2:0:0:0: [sda] Incomplete mode parameter data
[    7.064113] sd 2:0:0:0: [sda] Assuming drive cache: write through
[    7.066641]  sda: sda1
[    7.067801] sd 2:0:0:0: [sda] Attached SCSI disk
[    7.068744] sd 2:0:1:0: [sdb] Attached SCSI disk
Begin: Loading essential drivers ... [    8.374431] md: linear personality registered for level -1
[    8.377401] md: multipath personality registered for level -4
[    8.558647] md: raid0 personality registered for level 0
[    8.562420] md: raid1 personality registered for level 1
[    8.631688] raid6: sse2x1   gen() 11529 MB/s
[    8.703669] raid6: sse2x1   xor()  8720 MB/s
[    8.795704] raid6: sse2x2   gen() 13071 MB/s
[    8.867712] raid6: sse2x2   xor()  9970 MB/s
[    8.947666] raid6: sse2x4   gen() 16090 MB/s
[    9.035703] raid6: sse2x4   xor() 11193 MB/s
[    9.139703] raid6: avx2x1   gen() 23706 MB/s
[    9.215701] raid6: avx2x2   gen() 26886 MB/s
[    9.311701] raid6: avx2x4   gen() 29275 MB/s
[    9.328168] raid6: using algorithm avx2x4 gen() 29275 MB/s
[    9.328892] raid6: using avx2x2 recovery algorithm
[    9.330602] xor: automatically using best checksumming function:
[    9.386172]    avx       : 61412.000 MB/sec
[    9.387735] async_tx: api initialized (async)
[    9.395138] md: raid6 personality registered for level 6
[    9.396035] md: raid5 personality registered for level 5
[    9.396869] md: raid4 personality registered for level 4
[    9.402536] md: raid10 personality registered for level 10
done.
Begin: Running /scripts/init-premount ... done.
Begin: Mounting root file system ... Begin: Running /scripts/local-top ... done.
Begin: Running /scripts/local-premount ... [    9.426474] Btrfs loaded
Scanning for Btrfs filesystems
done.
Warning: fsck not present, so skipping root file system
[    9.472219] EXT4-fs (sda1): mounted filesystem with ordered data mode. Opts: (null)
done.
Begin: Running /scripts/local-bottom ... done.
Begin: Running /scripts/init-bottom ... done.
[    9.580009] systemd[1]: systemd 229 running in system mode. (+PAM +AUDIT +SELINUX +IMA +APPARMOR +SMACK +SYSVINIT +UTMP +LIBCRYPTSETUP +GCRYPT +GNUTLS +ACL +XZ -LZ4 +SECCOMP +BLKID +ELFUTILS +KMOD -IDN)
[    9.798360] systemd[1]: Detected virtualization oracle.
[    9.799188] systemd[1]: Detected architecture x86-64.

Welcome to [1mUbuntu 16.04.6 LTS[0m!

[    9.810076] systemd[1]: Set hostname to <ubuntu>.
[    9.837909] systemd[1]: Initializing machine ID from random generator.
[    9.838923] systemd[1]: Installed transient /etc/machine-id file.
[    9.965468] systemd[1]: Started Trigger resolvconf update for networkd DNS.
[[0;32m  OK  [0m] Started Trigger resolvconf update for networkd DNS.
[    9.967332] systemd[1]: Listening on LVM2 poll daemon socket.
[[0;32m  OK  [0m] Listening on LVM2 poll daemon socket.
[    9.968856] systemd[1]: Listening on udev Kernel Socket.
[[0;32m  OK  [0m] Listening on udev Kernel Socket.
[    9.970252] systemd[1]: Reached target User and Group Name Lookups.
[[0;32m  OK  [0m] Reached target User and Group Name Lookups.
[    9.971838] systemd[1]: Listening on Device-mapper event daemon FIFOs.
[[0;32m  OK  [0m] Listening on Device-mapper event daemon FIFOs.
[    9.973500] systemd[1]: Listening on Journal Audit Socket.
[[0;32m  OK  [0m] Listening on Journal Audit Socket.
[    9.974945] systemd[1]: Listening on Journal Socket (/dev/log).
[[0;32m  OK  [0m] Listening on Journal Socket (/dev/log).
[    9.976454] systemd[1]: Reached target Swap.
[[0;32m  OK  [0m] Reached target Swap.
[   10.039860] systemd[1]: Reached target Encrypted Volumes.
[[0;32m  OK  [0m] Reached target Encrypted Volumes.
[   10.233783] systemd[1]: Reached target System Time Synchronized.
[[0;32m  OK  [0m] Reached target System Time Synchronized.
[   10.260740] systemd[1]: Created slice User and Session Slice.
[[0;32m  OK  [0m] Created slice User and Session Slice.
[   10.263031] systemd[1]: Set up automount Arbitrary Executable File Formats File System Automount Point.
[[0;32m  OK  [0m] Set up automount Arbitrary Executab...ats File System Automount Point.
[   10.269989] systemd[1]: Listening on Syslog Socket.
[[0;32m  OK  [0m] Listening on Syslog Socket.
[   10.271736] systemd[1]: Created slice System Slice.
[[0;32m  OK  [0m] Created slice System Slice.
[   10.299188] systemd[1]: Listening on udev Control Socket.
[[0;32m  OK  [0m] Listening on udev Control Socket.
[   10.348157] systemd[1]: Listening on /dev/initctl Compatibility Named Pipe.
[[0;32m  OK  [0m] Listening on /dev/initctl Compatibility Named Pipe.
[   10.510544] systemd[1]: Created slice system-serial\x2dgetty.slice.
[[0;32m  OK  [0m] Created slice system-serial\x2dgetty.slice.
[   10.520135] systemd[1]: Listening on LVM2 metadata daemon socket.
[[0;32m  OK  [0m] Listening on LVM2 metadata daemon socket.
[   10.522428] systemd[1]: Started Forward Password Requests to Wall Directory Watch.
[[0;32m  OK  [0m] Started Forward Password Requests to Wall Directory Watch.
[   10.525304] systemd[1]: Listening on Journal Socket.
[[0;32m  OK  [0m] Listening on Journal Socket.
[   10.560198] systemd[1]: Starting Set console keymap...
         Starting Set console keymap...
[   10.648441] systemd[1]: Starting Nameserver information manager...
         Starting Nameserver information manager...
[   10.651007] systemd[1]: Starting Create list of required static device nodes for the current kernel...
         Starting Create list of required st... nodes for the current kernel...
[   10.661937] systemd[1]: Mounting Debug File System...
         Mounting Debug File System...
[   10.664383] systemd[1]: Starting Uncomplicated firewall...
         Starting Uncomplicated firewall...
[   10.668316] systemd[1]: Starting Journal Service...
         Starting Journal Service...
[   10.670434] systemd[1]: Starting Remount Root and Kernel File Systems...
         Starting Remount Root and Kernel File Systems...
[   10.672758] systemd[1]: Starting Monitoring of LVM2 mirrors, snapshots etc. using dmeventd or progress polling...
[   10.674488] EXT4-fs (sda1): re-mounted. Opts: (null)
         Starting Monitoring of LVM2 mirrors... dmeventd or progress polling...
[   10.696211] systemd[1]: Mounting Huge Pages File System...
         Mounting Huge Pages File System...
[   10.708069] systemd[1]: Mounting POSIX Message Queue File System...
         Mounting POSIX Message Queue File System...
[   10.711167] systemd[1]: Starting Load Kernel Modules...
         Starting Load Kernel Modules...
[   10.712783] systemd[1]: Reached target Slices.
[[0;32m  OK  [0m] Reached target Slices.
[   10.715989] systemd[1]: Mounted Debug File System.
[   10.726716] Loading iSCSI transport class v2.0-870.
[[0;32m  OK  [0m] Mounted Debug File System.
[   10.733551] systemd[1]: Mounted POSIX Message Queue File System.
[[0;32m  OK  [0m] Mounted POSIX Message Queue File System.
[   10.735241] systemd[1]: Mounted Huge Pages File System.
[[0;32m  OK  [0m] Mounted Huge Pages File System.
[   10.736885] systemd[1]: Started Journal Service.
[[0;32m  OK  [0m] Started Journal Service.
[[0;32m  OK  [0m] Started Set console keymap.
[   10.740422] iscsi: registered transport (tcp)
[[0;32m  OK  [0m] Started Create list of required sta...ce nodes for the current kernel.
[[0;32m  OK  [0m] Started Uncomplicated firewall.
[[0;32m  OK  [0m] Started Remount Root and Kernel File Systems.
[[0;32m  OK  [0m] Started Nameserver information manager.
[[0;32m  OK  [0m] Started LVM2 metadata daemon.
         Starting udev Coldplug all Devices...
         Starting Load/Save Random Seed...
         Starting Create Static Device Nodes in /dev...
         Starting Flush Journal to Persistent Storage...
[[0;32m  OK  [0m] Started Load/Save Random Seed.
[   10.778490] iscsi: registered transport (iser)
[[0;32m  OK  [0m] Started Load Kernel Modules.
         Starting Apply Kernel Variables...
         Mounting FUSE Control File System...
[   10.784921] systemd-journald[382]: Received request to flush runtime journal from PID 1
[[0;32m  OK  [0m] Mounted FUSE Control File System.
[[0;32m  OK  [0m] Started Flush Journal to Persistent Storage.
[[0;32m  OK  [0m] Started Create Static Device Nodes in /dev.
[[0;32m  OK  [0m] Started Apply Kernel Variables.
         Starting udev Kernel Device Manager...
[[0;32m  OK  [0m] Started udev Coldplug all Devices.
[[0;32m  OK  [0m] Started udev Kernel Device Manager.
[[0;32m  OK  [0m] Started Dispatch Password Requests to Console Directory Watch.
[[0;32m  OK  [0m] Found device /dev/ttyS0.
[[0;32m  OK  [0m] Listening on Load/Save RF Kill Switch Status /dev/rfkill Watch.
[[0;32m  OK  [0m] Started Monitoring of LVM2 mirrors,...ng dmeventd or progress polling.
[[0;32m  OK  [0m] Reached target Local File Systems (Pre).
[[0;32m  OK  [0m] Reached target Local File Systems.
         Starting LSB: AppArmor initialization...
         Starting Create Volatile Files and Directories...
         Starting Commit a transient machine-id on disk...
         Starting Set console font and keymap...
         Starting Initial cloud-init job (pre-networking)...
         Starting Tell Plymouth To Write Out Runtime Data...
[[0;32m  OK  [0m] Started Create Volatile Files and Directories.
[[0;32m  OK  [0m] Started Commit a transient machine-id on disk.
         Starting Update UTMP about System Boot/Shutdown...
[[0;32m  OK  [0m] Started Tell Plymouth To Write Out Runtime Data.
[[0;32m  OK  [0m] Started Update UTMP about System Boot/Shutdown.
[[0;32m  OK  [0m] Started Set console font and keymap.
[[0;32m  OK  [0m] Created slice system-getty.slice.
[[0;32m  OK  [0m] Started LSB: AppArmor initialization.
[   10.678968] cloud-init[641]: Cloud-init v. 19.3-41-gc4735dd3-0ubuntu1~16.04.1 running 'init-local' at Fri, 10 Jan 2020 10:00:56 +0000. Up 10.38 seconds.
[[0;32m  OK  [0m] Started Initial cloud-init job (pre-networking).
[[0;32m  OK  [0m] Reached target Network (Pre).
         Starting Raise network interfaces...
[[0;32m  OK  [0m] Started Raise network interfaces.
[[0;32m  OK  [0m] Reached target Network.
         Starting Initial cloud-init job (metadata service crawler)...
[   11.639790] cloud-init[963]: Cloud-init v. 19.3-41-gc4735dd3-0ubuntu1~16.04.1 running 'init' at Fri, 10 Jan 2020 10:00:56 +0000. Up 11.16 seconds.
[   11.664984] cloud-init[963]: ci-info: ++++++++++++++++++++++++++++++++++++++Net device info+++++++++++++++++++++++++++++++++++++++
[   11.666501] cloud-init[963]: ci-info: +--------+-------+----------------------------+---------------+--------+-------------------+
[   11.667941] cloud-init[963]: ci-info: | Device |   Up  |          Address           |      Mask     | Scope  |     Hw-Address    |
[   11.669373] cloud-init[963]: ci-info: +--------+-------+----------------------------+---------------+--------+-------------------+
[   11.670806] cloud-init[963]: ci-info: | enp0s3 |  True |         10.0.2.15          | 255.255.255.0 | global | 02:d7:6c:25:93:fc |
[   11.672201] cloud-init[963]: ci-info: | enp0s3 |  True | fe80::d7:6cff:fe25:93fc/64 |       .       |  link  | 02:d7:6c:25:93:fc |
[   11.673589] cloud-init[963]: ci-info: | enp0s8 | False |             .              |       .       |   .    | 08:00:27:59:39:c2 |
[   11.674981] cloud-init[963]: ci-info: |   lo   |  True |         127.0.0.1          |   255.0.0.0   |  host  |         .         |
[   11.676378] cloud-init[963]: ci-info: |   lo   |  True |          ::1/128           |       .       |  host  |         .         |
[   11.692210] [[0;32m  OK  [0m] Started Initial cloud-init job (metadata service crawler).
[[0;32m  OK  [0m] Reached target Cloud-config availability.
[[0;32m  OK  [0m] Reached target Network is Online.
cloud-init[963]: ci-info: +--------+-------+----------------------------+---------------+--------+-------------------+
[   11.712872]          Starting iSCSI initiator daemon (iscsid)...
[[0;32m  OK  [0m] Reached target System Initialization.
[[0;32m  OK  [0m] Started Daily apt download activities.
[[0;32m  OK  [0m] Started Daily Cleanup of Temporary Directories.
[[0;32m  OK  [0m] Listening on UUID daemon activation socket.
[[0;32m  OK  [0m] Started Message of the Day.
[[0;32m  OK  [0m] Listening on ACPID Listen Socket.
cloud-init[963]: ci-info: +++++++++++++++++++++++++++Route IPv4 info++++++++++++++++++++++++++++
[   11.721404]          Starting LXD - unix socket.
         Starting Socket activation for snappy daemon.
[[0;32m  OK  [0m] Listening on D-Bus System Message Bus Socket.
cloud-init[963]: ci-info: +-------+-------------+----------+---------------+-----------+-------+
[   11.742438] [[0;32m  OK  [0m] Started ACPI Events Check.
[[0;32m  OK  [0m] Reached target Paths.
[[0;32m  OK  [0m] Started Daily apt upgrade and clean activities.
[[0;32m  OK  [0m] Reached target Timers.
cloud-init[963]: ci-info: | Route | Destination | Gateway  |    Genmask    | Interface | Flags |
[   11.750279] cloud-init[963]: ci-info: +-------+-------------+----------+---------------+-----------+-------+
[   11.752821] cloud-init[963]: ci-info: |   0   |   0.0.0.0   | 10.0.2.2 |    0.0.0.0    |   enp0s3  |   UG  |
[[0;32m  OK  [0m] Listening on LXD - unix socket.
[[0;32m  OK  [0m] Listening on Socket activation for snappy daemon.
[[0;32m  OK  [0m] Started iSCSI initiator daemon (iscsid).
[   11.780089] cloud-init[963]: ci-info: |   1   |   10.0.2.0  | 0.0.0.0  | 255.255.255.0 |   enp0s3  |   U   |
[   11.794699] cloud-init[963]: ci-info: +-------+-------------+----------+---------------+-----------+-------+
[   11.797347] cloud-init[963]: ci-info: +++++++++++++++++++Route IPv6 info+++++++++++++++++++
[   11.799591] cloud-init[963]: ci-info: +-------+-------------+---------+-----------+-------+
[   11.801760] cloud-init[963]: ci-info: | Route | Destination | Gateway | Interface | Flags |
[   11.803842] cloud-init[963]: ci-info: +-------+-------------+---------+-----------+-------+
[   11.805969] cloud-init[963]: ci-info: |   0   |  fe80::/64  |    ::   |   enp0s3  |   U   |
         Starting Login to default iSCSI targets...
[   11.817477] cloud-init[963]: ci-info: |   3   |   ff00::/8  |    ::   |   enp0s3  |   U   |
[   11.820853] cloud-init[963]: ci-info: +-------+-------------+---------+-----------+-------+
[   11.821086] cloud-init[963]: Generating public/private rsa key pair.
[   11.821335] cloud-init[963]: Your identification has been saved in /etc/ssh/ssh_host_rsa_key.
[   11.821588] cloud-init[963]: Your public key has been saved in /etc/ssh/ssh_host_rsa_key.pub.
[   11.821836] cloud-init[963]: The key fingerprint is:
[   11.822091] cloud-init[963]: SHA256:3Nq7ECy7opfF/nUSdDZrExH2iL5TDonywyTTQjWJhjQ root@ubuntu-xenial
[   11.822364] cloud-init[963]: The key's randomart image is:
[   11.822612] cloud-init[963]: +---[RSA 2048]----+
[   11.822867] cloud-init[963]: |   .E. .o.  +.   |
[   11.823112] cloud-init[963]: |    ..o... o +   |
[   11.823360] cloud-init[963]: |     ..   o * .  |
[   11.823612] cloud-init[963]: |     . + = + +   |
[   11.823865] cloud-init[963]: |     .* S * =    |
[   11.825509] cloud-init[963]: |      o@ + B .   |
[   11.825696] cloud-init[963]: |     +. * * o    |
[   11.825889] cloud-init[963]: |    + .. + =     |
[   11.826090] cloud-init[963]: |  .o .... o.     |
[   11.826293] cloud-init[963]: +----[SHA256]-----+
[   11.826543] cloud-init[963]: Generating public/private dsa key pair.
[   11.826703] cloud-init[963]: Your identification has been saved in /etc/ssh/ssh_host_dsa_key.
[   11.826899] cloud-init[963]: Your public key has been saved in /etc/ssh/ssh_host_dsa_key.pub.
[   11.827096] cloud-init[963]: The key fingerprint is:
[[0;32m  OK  [0m] Reached target Sockets.
[   11.828136] cloud-init[963]: SHA256:t6dPI+NYAzlewa6GY6o26jNkU0JYTgAnKYjYw9ykIm8 root@ubuntu-xenial[[0;32m  OK  [0m] Reached target Basic System.

[   11.890720] cloud-init[963]: The key's randomart image is:
[[0;32m  OK  [0m[   11.951178] cloud-init[963]: +---[DSA 1024]----+
[   11.954021] cloud-init[963]: |XB+o.            |
[   11.955899] ] Started ACPI event daemon.
cloud-init[963]: |B*=..    .       |
         [   11.984758] Starting System Logging Service...cloud-init
[963]: |= o.      o      |
[   12.011269] cloud-init[963]: |.+ .     o .     |
[   12.011562] cloud-init[963]: |  E     S +      |
[   12.011769] cloud-init[963]: | =     o * .     |
[   12.011961] cloud-init[963]: |o .   + + * +    |
[   12.012352] cloud-init[963]: | oo  o o + B .   |
[   12.012538] cloud-init[963]: |o++o.   . o..    |
[   12.012737] cloud-init[963]: +----[SHA256]-----+
[   12.012918] cloud-init[963]: Generating public/private ecdsa key pair.
[   12.013110] cloud-init[963]: Your identification has been saved in /etc/ssh/ssh_host_ecdsa_key.
[   12.013300] cloud-init[963]: Your public key has been saved in /etc/ssh/ssh_host_ecdsa_key.pub.
[   12.013489] cloud-init[963]: The key fingerprint is:
[   12.013677] cloud-init[963]: SHA256:JmSq0ndv+vo/K0Cj/LZZaaBlR4my2cWChO3HAQTBg74 root@ubuntu-xenial
[   12.013869] cloud-init[963]: The key's randomart image is:
[   12.014057] cloud-init[963]: +---[ECDSA 256]---+
[   12.014248] cloud-init[963]: | oo*+.           |
[   12.014458] cloud-init[963]: |. +....o .       |
[   12.014641] cloud-init[963]: |.  oo.=.=        |
[   12.014831] cloud-init[963]: | .  .O=+         |
[   12.015022] cloud-init[963]: |  ..++*.S        |
[   12.015210] cloud-init[963]: | E .o+.= .       |
[   12.015398] cloud-init[963]: |. o o...+        |
[   12.015585] cloud-init[963]: | . . .o=o .      |
[   12.015744] cloud-init[963]: |     .=B+ooo     |
[   12.015903] cloud-init[963]: +----[SHA256]-----+
[   12.016229] cloud-init[963]: Generating public/private ed25519 key pair.
[   12.016385] cloud-init[963]: Your identification has been saved in /etc/ssh/ssh_host_ed25519_key.
[   12.016553] cloud-init[963]: Your public key has been saved in /etc/ssh/ssh_host_ed25519_key.pub.
[   12.016709] cloud-init[963]: The key fingerprint is:
[   12.016867] cloud-init[963]: SHA256:BIXFtpbGMy0byBDE6dhhLmQoRhcd0poX+Ik4ucXtpaw root@ubuntu-xenial
[   12.017026] cloud-init[963]: The key's randomart image is:
[   12.017189] cloud-init[963]: +--[ED25519 256]--+
[   12.017345] cloud-init[963]: |.o *B+o=o        |
[   12.017507] cloud-init[963]: |o.+.B+..o        |
[   12.017986] cloud-init[963]: |oo+**+o+.+       |
[   12.018151] cloud-init[963]: | +o*+=oo@ .      |
[   12.018304] cloud-init[963]: |  +.+ ooS*       |
[   12.018473] cloud-init[963]: | .   +  .        |
[   12.018627] cloud-init[963]: |    .            |
[   12.018785] cloud-init[963]: |   E             |
[   12.018942] cloud-init[963]: |                 |
[   12.019101] cloud-init[963]: +----[SHA256]-----+
[[0;32m  OK  [0m] Started D-Bus System Message Bus.
         Starting Virtualbox guest utils...
         Starting LSB: MD monitoring daemon...
         Starting Accounts Service...
[[0;32m  OK  [0m] Started Regular background program processing daemon.
         Starting LXD - container startup/shutdown...
         Starting /etc/rc.local Compatibility...
         Starting LSB: Record successful boot for GRUB...
[[0;32m  OK  [0m] Started Deferred execution scheduler.
         Starting Login Service...
[[0;32m  OK  [0m] Started FUSE filesystem for LXC.
         Starting Snappy daemon...
         Starting Pollinate to seed the pseudo random number generator...
[[0;32m  OK  [0m] Started System Logging Service.
[[0;32m  OK  [0m] Started /etc/rc.local Compatibility.
         Starting Authenticate and Authorize Users to Run Privileged Tasks...
[[0;32m  OK  [0m] Started Login Service.
[[0;32m  OK  [0m] Started Unattended Upgrades Shutdown.
[[0;32m  OK  [0m] Started Login to default iSCSI targets.
[[0;32m  OK  [0m] Reached target Remote File Systems (Pre).
[[0;32m  OK  [0m] Reached target Remote File Systems.
         Starting LSB: daemon to balance interrupts for SMP systems...
         Starting LSB: automatic crash report generation...
         Starting LSB: Set the CPU Frequency Scaling governor to "ondemand"...
         Starting Permit User Sessions...
[[0;32m  OK  [0m] Started LSB: Record successful boot for GRUB.
[[0;32m  OK  [0m] Started Permit User Sessions.
[[0;32m  OK  [0m] Started LSB: MD monitoring daemon.
[[0;32m  OK  [0m] Started LXD - container startup/shutdown.
[[0;32m  OK  [0m] Started Authenticate and Authorize Users to Run Privileged Tasks.
[[0;32m  OK  [0m] Started Virtualbox guest utils.
[[0;32m  OK  [0m] Started Accounts Service.
         Starting Hold until boot process finishes up...
         Starting Terminate Plymouth Boot Screen...
[[0;32m  OK  [0m] Started LSB: daemon to balance interrupts for SMP systems.
[[0;32m  OK  [0m] Started Hold until boot process finishes up.
[[0;32m  OK  [0m] Started Serial Getty on ttyS0.
         Starting Set console scheme...
[[0;32m  OK  [0m] Started Getty on tty1.
[[0;32m  OK  [0m] Reached target Login Prompts.
[[0;32m  OK  [0m] Started LSB: automatic crash report generation.
[[0;32m  OK  [0m] Started LSB: Set the CPU Frequency Scaling governor to "ondemand".
[[0;32m  OK  [0m] Started Terminate Plymouth Boot Screen.
[[0;32m  OK  [0m] Started Set console scheme.
[[0;32m  OK  [0m] Started Snappy daemon.
         Starting Wait until snapd is fully seeded...
[[0;32m  OK  [0m] Started Pollinate to seed the pseudo random number generator.
         Starting OpenBSD Secure Shell server...
[[0;32m  OK  [0m] Started OpenBSD Secure Shell server.
[[0;32m  OK  [0m] Started Wait until snapd is fully seeded.
         Starting Apply the settings specified in cloud-config...
[[0;32m  OK  [0m] Reached target Multi-User System.
[[0;32m  OK  [0m] Reached target Graphical Interface.
         Starting Update UTMP about System Runlevel Changes...
[[0;32m  OK  [0m] Started Update UTMP about System Runlevel Changes.
[   14.038969] cloud-init[1324]: Generating locales (this might take a while)...
[   14.572442] cloud-init[1324]:   en_US.UTF-8... done
[   14.575038] cloud-init[1324]: Generation complete.
[   14.796363] cloud-init[1324]: Cloud-init v. 19.3-41-gc4735dd3-0ubuntu1~16.04.1 running 'modules:config' at Fri, 10 Jan 2020 10:00:59 +0000. Up 13.96 seconds.
[[0;32m  OK  [0m] Started Apply the settings specified in cloud-config.
         Starting Execute cloud user/final scripts...
ci-info: no authorized ssh keys fingerprints found for user ubuntu.
<14>Jan 10 10:01:01 ec2: 
<14>Jan 10 10:01:01 ec2: #############################################################
<14>Jan 10 10:01:01 ec2: -----BEGIN SSH HOST KEY FINGERPRINTS-----
<14>Jan 10 10:01:01 ec2: 1024 SHA256:t6dPI+NYAzlewa6GY6o26jNkU0JYTgAnKYjYw9ykIm8 root@ubuntu-xenial (DSA)
<14>Jan 10 10:01:01 ec2: 256 SHA256:JmSq0ndv+vo/K0Cj/LZZaaBlR4my2cWChO3HAQTBg74 root@ubuntu-xenial (ECDSA)
<14>Jan 10 10:01:01 ec2: 256 SHA256:BIXFtpbGMy0byBDE6dhhLmQoRhcd0poX+Ik4ucXtpaw root@ubuntu-xenial (ED25519)
<14>Jan 10 10:01:01 ec2: 2048 SHA256:3Nq7ECy7opfF/nUSdDZrExH2iL5TDonywyTTQjWJhjQ root@ubuntu-xenial (RSA)
<14>Jan 10 10:01:01 ec2: -----END SSH HOST KEY FINGERPRINTS-----
<14>Jan 10 10:01:01 ec2: #############################################################
-----BEGIN SSH HOST KEY KEYS-----
ecdsa-sha2-nistp256 AAAAE2VjZHNhLXNoYTItbmlzdHAyNTYAAAAIbmlzdHAyNTYAAABBBEmszqZqgygX+qcqIewomalxHSlpj1Hf/GWfb79NlW5BIxj06kb4uDeL1TyNLL3jDb1NQJq+Za0Ar0v9/GuJDNg= root@ubuntu-xenial
ssh-ed25519 AAAAC3NzaC1lZDI1NTE5AAAAIGeE+MdsIoNi0QU4IpAVZ/yHrXo58xE9jjAUNzbjc19L root@ubuntu-xenial
ssh-rsa AAAAB3NzaC1yc2EAAAADAQABAAABAQDYn4tgXwIQdqzL7fyMovfs5IHZY5NSe+AQxMTGrwHMuN/QKCOhKUHMJBWDzqqkCNWenoxmryItJxpuHx5vOFh9jWz4Sx9F3RbZFfL7VAGDA0oMgKQ1ax4xTSJ7UBwEC30ZQt6GoqbBnF0gIMen+oMrQ2lhd2h8zdQ4epZskI3MwLn695LR52W+llP8zna9hfLKkaLlJw9kY0VDpLxsKvzUBim5nt2PZ+9Du+4jhfwfWQyJuXb3YX5h/CFimpFHi200miLZZSW7Hpr1+oXTXRsEVXwbaoiHgW2+RsFbuvjXvmNlvk2Cl6yhQMkdDRPKXPPrbFg33CgEV3z4QNpEtaA9 root@ubuntu-xenial
-----END SSH HOST KEY KEYS-----
[   15.248754] cloud-init[1368]: Cloud-init v. 19.3-41-gc4735dd3-0ubuntu1~16.04.1 running 'modules:final' at Fri, 10 Jan 2020 10:01:00 +0000. Up 15.12 seconds.
[   15.284160] cloud-init[1368]: ci-info: no authorized ssh keys fingerprints found for user ubuntu.
[   15.284336] cloud-init[1368]: Cloud-init v. 19.3-41-gc4735dd3-0ubuntu1~16.04.1 finished at Fri, 10 Jan 2020 10:01:01 +0000. Datasource DataSourceNoCloud [seed=/dev/sdb][dsmode=net].  Up 15.24 seconds
[[0;32m  OK  [0m] Started Execute cloud user/final scripts.
[[0;32m  OK  [0m] Reached target Cloud-init target.

Ubuntu 16.04.6 LTS ubuntu-xenial ttyS0

ubuntu-xenial login: 